<?xml version="1.0" encoding="UTF-8"?>
<testsuite xmlns:xsi="http://www.w3.org/2001/XMLSchema-instance" xsi:noNamespaceSchemaLocation="https://maven.apache.org/surefire/maven-surefire-plugin/xsd/surefire-test-report.xsd" name="tr.com.stm.cydecsys.zaprestapi.ZapRestApiApplicationTests" time="3.085" tests="1" errors="0" skipped="0" failures="0">
  <properties>
    <property name="sun.desktop" value="gnome"/>
    <property name="awt.toolkit" value="sun.awt.X11.XToolkit"/>
    <property name="file.encoding.pkg" value="sun.io"/>
    <property name="java.specification.version" value="1.8"/>
    <property name="sun.cpu.isalist" value=""/>
    <property name="sun.jnu.encoding" value="UTF-8"/>
    <property name="java.class.path" value="/home/staj/IdeaProjects/ZAPRestAPI/target/test-classes:/home/staj/IdeaProjects/ZAPRestAPI/target/classes:/home/staj/.m2/repository/org/springframework/boot/spring-boot-starter-data-jdbc/2.6.2/spring-boot-starter-data-jdbc-2.6.2.jar:/home/staj/.m2/repository/org/springframework/boot/spring-boot-starter-jdbc/2.6.2/spring-boot-starter-jdbc-2.6.2.jar:/home/staj/.m2/repository/com/zaxxer/HikariCP/4.0.3/HikariCP-4.0.3.jar:/home/staj/.m2/repository/org/springframework/spring-jdbc/5.3.14/spring-jdbc-5.3.14.jar:/home/staj/.m2/repository/org/springframework/data/spring-data-jdbc/2.3.0/spring-data-jdbc-2.3.0.jar:/home/staj/.m2/repository/org/springframework/data/spring-data-relational/2.3.0/spring-data-relational-2.3.0.jar:/home/staj/.m2/repository/org/springframework/data/spring-data-commons/2.6.0/spring-data-commons-2.6.0.jar:/home/staj/.m2/repository/org/springframework/spring-tx/5.3.14/spring-tx-5.3.14.jar:/home/staj/.m2/repository/org/springframework/spring-context/5.3.14/spring-context-5.3.14.jar:/home/staj/.m2/repository/org/springframework/spring-beans/5.3.14/spring-beans-5.3.14.jar:/home/staj/.m2/repository/org/slf4j/slf4j-api/1.7.32/slf4j-api-1.7.32.jar:/home/staj/.m2/repository/org/springframework/boot/spring-boot-starter-data-jpa/2.6.2/spring-boot-starter-data-jpa-2.6.2.jar:/home/staj/.m2/repository/org/springframework/boot/spring-boot-starter-aop/2.6.2/spring-boot-starter-aop-2.6.2.jar:/home/staj/.m2/repository/org/springframework/spring-aop/5.3.14/spring-aop-5.3.14.jar:/home/staj/.m2/repository/org/aspectj/aspectjweaver/1.9.7/aspectjweaver-1.9.7.jar:/home/staj/.m2/repository/jakarta/transaction/jakarta.transaction-api/1.3.3/jakarta.transaction-api-1.3.3.jar:/home/staj/.m2/repository/jakarta/persistence/jakarta.persistence-api/2.2.3/jakarta.persistence-api-2.2.3.jar:/home/staj/.m2/repository/org/hibernate/hibernate-core/5.6.3.Final/hibernate-core-5.6.3.Final.jar:/home/staj/.m2/repository/org/jboss/logging/jboss-logging/3.4.2.Final/jboss-logging-3.4.2.Final.jar:/home/staj/.m2/repository/net/bytebuddy/byte-buddy/1.11.22/byte-buddy-1.11.22.jar:/home/staj/.m2/repository/antlr/antlr/2.7.7/antlr-2.7.7.jar:/home/staj/.m2/repository/org/jboss/jandex/2.2.3.Final/jandex-2.2.3.Final.jar:/home/staj/.m2/repository/com/fasterxml/classmate/1.5.1/classmate-1.5.1.jar:/home/staj/.m2/repository/org/hibernate/common/hibernate-commons-annotations/5.1.2.Final/hibernate-commons-annotations-5.1.2.Final.jar:/home/staj/.m2/repository/org/glassfish/jaxb/jaxb-runtime/2.3.5/jaxb-runtime-2.3.5.jar:/home/staj/.m2/repository/org/glassfish/jaxb/txw2/2.3.5/txw2-2.3.5.jar:/home/staj/.m2/repository/com/sun/istack/istack-commons-runtime/3.0.12/istack-commons-runtime-3.0.12.jar:/home/staj/.m2/repository/com/sun/activation/jakarta.activation/1.2.2/jakarta.activation-1.2.2.jar:/home/staj/.m2/repository/org/springframework/data/spring-data-jpa/2.6.0/spring-data-jpa-2.6.0.jar:/home/staj/.m2/repository/org/springframework/spring-orm/5.3.14/spring-orm-5.3.14.jar:/home/staj/.m2/repository/org/springframework/spring-aspects/5.3.14/spring-aspects-5.3.14.jar:/home/staj/.m2/repository/org/springframework/boot/spring-boot-starter-data-mongodb/2.6.2/spring-boot-starter-data-mongodb-2.6.2.jar:/home/staj/.m2/repository/org/springframework/boot/spring-boot-starter/2.6.2/spring-boot-starter-2.6.2.jar:/home/staj/.m2/repository/org/springframework/boot/spring-boot/2.6.2/spring-boot-2.6.2.jar:/home/staj/.m2/repository/org/springframework/boot/spring-boot-autoconfigure/2.6.2/spring-boot-autoconfigure-2.6.2.jar:/home/staj/.m2/repository/org/springframework/boot/spring-boot-starter-logging/2.6.2/spring-boot-starter-logging-2.6.2.jar:/home/staj/.m2/repository/ch/qos/logback/logback-classic/1.2.9/logback-classic-1.2.9.jar:/home/staj/.m2/repository/ch/qos/logback/logback-core/1.2.9/logback-core-1.2.9.jar:/home/staj/.m2/repository/org/apache/logging/log4j/log4j-to-slf4j/2.17.0/log4j-to-slf4j-2.17.0.jar:/home/staj/.m2/repository/org/apache/logging/log4j/log4j-api/2.17.0/log4j-api-2.17.0.jar:/home/staj/.m2/repository/org/slf4j/jul-to-slf4j/1.7.32/jul-to-slf4j-1.7.32.jar:/home/staj/.m2/repository/jakarta/annotation/jakarta.annotation-api/1.3.5/jakarta.annotation-api-1.3.5.jar:/home/staj/.m2/repository/org/yaml/snakeyaml/1.29/snakeyaml-1.29.jar:/home/staj/.m2/repository/org/mongodb/mongodb-driver-sync/4.4.0/mongodb-driver-sync-4.4.0.jar:/home/staj/.m2/repository/org/mongodb/bson/4.4.0/bson-4.4.0.jar:/home/staj/.m2/repository/org/mongodb/mongodb-driver-core/4.4.0/mongodb-driver-core-4.4.0.jar:/home/staj/.m2/repository/org/springframework/data/spring-data-mongodb/3.3.0/spring-data-mongodb-3.3.0.jar:/home/staj/.m2/repository/org/springframework/spring-expression/5.3.14/spring-expression-5.3.14.jar:/home/staj/.m2/repository/org/springframework/boot/spring-boot-starter-web/2.6.2/spring-boot-starter-web-2.6.2.jar:/home/staj/.m2/repository/org/springframework/boot/spring-boot-starter-json/2.6.2/spring-boot-starter-json-2.6.2.jar:/home/staj/.m2/repository/com/fasterxml/jackson/core/jackson-databind/2.13.1/jackson-databind-2.13.1.jar:/home/staj/.m2/repository/com/fasterxml/jackson/core/jackson-annotations/2.13.1/jackson-annotations-2.13.1.jar:/home/staj/.m2/repository/com/fasterxml/jackson/core/jackson-core/2.13.1/jackson-core-2.13.1.jar:/home/staj/.m2/repository/com/fasterxml/jackson/datatype/jackson-datatype-jdk8/2.13.1/jackson-datatype-jdk8-2.13.1.jar:/home/staj/.m2/repository/com/fasterxml/jackson/datatype/jackson-datatype-jsr310/2.13.1/jackson-datatype-jsr310-2.13.1.jar:/home/staj/.m2/repository/com/fasterxml/jackson/module/jackson-module-parameter-names/2.13.1/jackson-module-parameter-names-2.13.1.jar:/home/staj/.m2/repository/org/springframework/boot/spring-boot-starter-tomcat/2.6.2/spring-boot-starter-tomcat-2.6.2.jar:/home/staj/.m2/repository/org/apache/tomcat/embed/tomcat-embed-core/9.0.56/tomcat-embed-core-9.0.56.jar:/home/staj/.m2/repository/org/apache/tomcat/embed/tomcat-embed-el/9.0.56/tomcat-embed-el-9.0.56.jar:/home/staj/.m2/repository/org/apache/tomcat/embed/tomcat-embed-websocket/9.0.56/tomcat-embed-websocket-9.0.56.jar:/home/staj/.m2/repository/org/springframework/spring-web/5.3.14/spring-web-5.3.14.jar:/home/staj/.m2/repository/org/springframework/spring-webmvc/5.3.14/spring-webmvc-5.3.14.jar:/home/staj/.m2/repository/org/zaproxy/zap-clientapi/1.10.0/zap-clientapi-1.10.0.jar:/home/staj/.m2/repository/org/jdom/jdom/1.1.3/jdom-1.1.3.jar:/home/staj/.m2/repository/com/h2database/h2/1.4.200/h2-1.4.200.jar:/home/staj/.m2/repository/org/springframework/boot/spring-boot-starter-test/2.6.2/spring-boot-starter-test-2.6.2.jar:/home/staj/.m2/repository/org/springframework/boot/spring-boot-test/2.6.2/spring-boot-test-2.6.2.jar:/home/staj/.m2/repository/org/springframework/boot/spring-boot-test-autoconfigure/2.6.2/spring-boot-test-autoconfigure-2.6.2.jar:/home/staj/.m2/repository/com/jayway/jsonpath/json-path/2.6.0/json-path-2.6.0.jar:/home/staj/.m2/repository/net/minidev/json-smart/2.4.7/json-smart-2.4.7.jar:/home/staj/.m2/repository/net/minidev/accessors-smart/2.4.7/accessors-smart-2.4.7.jar:/home/staj/.m2/repository/org/ow2/asm/asm/9.1/asm-9.1.jar:/home/staj/.m2/repository/jakarta/xml/bind/jakarta.xml.bind-api/2.3.3/jakarta.xml.bind-api-2.3.3.jar:/home/staj/.m2/repository/jakarta/activation/jakarta.activation-api/1.2.2/jakarta.activation-api-1.2.2.jar:/home/staj/.m2/repository/org/assertj/assertj-core/3.21.0/assertj-core-3.21.0.jar:/home/staj/.m2/repository/org/hamcrest/hamcrest/2.2/hamcrest-2.2.jar:/home/staj/.m2/repository/org/junit/jupiter/junit-jupiter/5.8.2/junit-jupiter-5.8.2.jar:/home/staj/.m2/repository/org/junit/jupiter/junit-jupiter-api/5.8.2/junit-jupiter-api-5.8.2.jar:/home/staj/.m2/repository/org/opentest4j/opentest4j/1.2.0/opentest4j-1.2.0.jar:/home/staj/.m2/repository/org/junit/platform/junit-platform-commons/1.8.2/junit-platform-commons-1.8.2.jar:/home/staj/.m2/repository/org/apiguardian/apiguardian-api/1.1.2/apiguardian-api-1.1.2.jar:/home/staj/.m2/repository/org/junit/jupiter/junit-jupiter-params/5.8.2/junit-jupiter-params-5.8.2.jar:/home/staj/.m2/repository/org/junit/jupiter/junit-jupiter-engine/5.8.2/junit-jupiter-engine-5.8.2.jar:/home/staj/.m2/repository/org/junit/platform/junit-platform-engine/1.8.2/junit-platform-engine-1.8.2.jar:/home/staj/.m2/repository/org/mockito/mockito-core/4.0.0/mockito-core-4.0.0.jar:/home/staj/.m2/repository/net/bytebuddy/byte-buddy-agent/1.11.22/byte-buddy-agent-1.11.22.jar:/home/staj/.m2/repository/org/objenesis/objenesis/3.2/objenesis-3.2.jar:/home/staj/.m2/repository/org/mockito/mockito-junit-jupiter/4.0.0/mockito-junit-jupiter-4.0.0.jar:/home/staj/.m2/repository/org/skyscreamer/jsonassert/1.5.0/jsonassert-1.5.0.jar:/home/staj/.m2/repository/com/vaadin/external/google/android-json/0.0.20131108.vaadin1/android-json-0.0.20131108.vaadin1.jar:/home/staj/.m2/repository/org/springframework/spring-core/5.3.14/spring-core-5.3.14.jar:/home/staj/.m2/repository/org/springframework/spring-jcl/5.3.14/spring-jcl-5.3.14.jar:/home/staj/.m2/repository/org/springframework/spring-test/5.3.14/spring-test-5.3.14.jar:/home/staj/.m2/repository/org/xmlunit/xmlunit-core/2.8.4/xmlunit-core-2.8.4.jar:/home/staj/.m2/repository/org/springframework/restdocs/spring-restdocs-mockmvc/2.0.5.RELEASE/spring-restdocs-mockmvc-2.0.5.RELEASE.jar:/home/staj/.m2/repository/javax/servlet/javax.servlet-api/4.0.1/javax.servlet-api-4.0.1.jar:/home/staj/.m2/repository/org/springframework/restdocs/spring-restdocs-core/2.0.5.RELEASE/spring-restdocs-core-2.0.5.RELEASE.jar:"/>
    <property name="java.vm.vendor" value="Amazon.com Inc."/>
    <property name="sun.arch.data.model" value="64"/>
    <property name="java.vendor.url" value="https://aws.amazon.com/corretto/"/>
    <property name="user.timezone" value=""/>
    <property name="java.vm.specification.version" value="1.8"/>
    <property name="os.name" value="Linux"/>
    <property name="user.country" value="US"/>
    <property name="sun.java.launcher" value="SUN_STANDARD"/>
    <property name="sun.boot.library.path" value="/home/staj/.jdks/corretto-1.8.0_322/jre/lib/amd64"/>
    <property name="sun.java.command" value="/home/staj/IdeaProjects/ZAPRestAPI/target/surefire/surefirebooter8766188765349038365.jar /home/staj/IdeaProjects/ZAPRestAPI/target/surefire 2022-01-20T15-55-54_423-jvmRun1 surefire6279210136874586757tmp surefire_05768582354608861301tmp"/>
    <property name="surefire.test.class.path" value="/home/staj/IdeaProjects/ZAPRestAPI/target/test-classes:/home/staj/IdeaProjects/ZAPRestAPI/target/classes:/home/staj/.m2/repository/org/springframework/boot/spring-boot-starter-data-jdbc/2.6.2/spring-boot-starter-data-jdbc-2.6.2.jar:/home/staj/.m2/repository/org/springframework/boot/spring-boot-starter-jdbc/2.6.2/spring-boot-starter-jdbc-2.6.2.jar:/home/staj/.m2/repository/com/zaxxer/HikariCP/4.0.3/HikariCP-4.0.3.jar:/home/staj/.m2/repository/org/springframework/spring-jdbc/5.3.14/spring-jdbc-5.3.14.jar:/home/staj/.m2/repository/org/springframework/data/spring-data-jdbc/2.3.0/spring-data-jdbc-2.3.0.jar:/home/staj/.m2/repository/org/springframework/data/spring-data-relational/2.3.0/spring-data-relational-2.3.0.jar:/home/staj/.m2/repository/org/springframework/data/spring-data-commons/2.6.0/spring-data-commons-2.6.0.jar:/home/staj/.m2/repository/org/springframework/spring-tx/5.3.14/spring-tx-5.3.14.jar:/home/staj/.m2/repository/org/springframework/spring-context/5.3.14/spring-context-5.3.14.jar:/home/staj/.m2/repository/org/springframework/spring-beans/5.3.14/spring-beans-5.3.14.jar:/home/staj/.m2/repository/org/slf4j/slf4j-api/1.7.32/slf4j-api-1.7.32.jar:/home/staj/.m2/repository/org/springframework/boot/spring-boot-starter-data-jpa/2.6.2/spring-boot-starter-data-jpa-2.6.2.jar:/home/staj/.m2/repository/org/springframework/boot/spring-boot-starter-aop/2.6.2/spring-boot-starter-aop-2.6.2.jar:/home/staj/.m2/repository/org/springframework/spring-aop/5.3.14/spring-aop-5.3.14.jar:/home/staj/.m2/repository/org/aspectj/aspectjweaver/1.9.7/aspectjweaver-1.9.7.jar:/home/staj/.m2/repository/jakarta/transaction/jakarta.transaction-api/1.3.3/jakarta.transaction-api-1.3.3.jar:/home/staj/.m2/repository/jakarta/persistence/jakarta.persistence-api/2.2.3/jakarta.persistence-api-2.2.3.jar:/home/staj/.m2/repository/org/hibernate/hibernate-core/5.6.3.Final/hibernate-core-5.6.3.Final.jar:/home/staj/.m2/repository/org/jboss/logging/jboss-logging/3.4.2.Final/jboss-logging-3.4.2.Final.jar:/home/staj/.m2/repository/net/bytebuddy/byte-buddy/1.11.22/byte-buddy-1.11.22.jar:/home/staj/.m2/repository/antlr/antlr/2.7.7/antlr-2.7.7.jar:/home/staj/.m2/repository/org/jboss/jandex/2.2.3.Final/jandex-2.2.3.Final.jar:/home/staj/.m2/repository/com/fasterxml/classmate/1.5.1/classmate-1.5.1.jar:/home/staj/.m2/repository/org/hibernate/common/hibernate-commons-annotations/5.1.2.Final/hibernate-commons-annotations-5.1.2.Final.jar:/home/staj/.m2/repository/org/glassfish/jaxb/jaxb-runtime/2.3.5/jaxb-runtime-2.3.5.jar:/home/staj/.m2/repository/org/glassfish/jaxb/txw2/2.3.5/txw2-2.3.5.jar:/home/staj/.m2/repository/com/sun/istack/istack-commons-runtime/3.0.12/istack-commons-runtime-3.0.12.jar:/home/staj/.m2/repository/com/sun/activation/jakarta.activation/1.2.2/jakarta.activation-1.2.2.jar:/home/staj/.m2/repository/org/springframework/data/spring-data-jpa/2.6.0/spring-data-jpa-2.6.0.jar:/home/staj/.m2/repository/org/springframework/spring-orm/5.3.14/spring-orm-5.3.14.jar:/home/staj/.m2/repository/org/springframework/spring-aspects/5.3.14/spring-aspects-5.3.14.jar:/home/staj/.m2/repository/org/springframework/boot/spring-boot-starter-data-mongodb/2.6.2/spring-boot-starter-data-mongodb-2.6.2.jar:/home/staj/.m2/repository/org/springframework/boot/spring-boot-starter/2.6.2/spring-boot-starter-2.6.2.jar:/home/staj/.m2/repository/org/springframework/boot/spring-boot/2.6.2/spring-boot-2.6.2.jar:/home/staj/.m2/repository/org/springframework/boot/spring-boot-autoconfigure/2.6.2/spring-boot-autoconfigure-2.6.2.jar:/home/staj/.m2/repository/org/springframework/boot/spring-boot-starter-logging/2.6.2/spring-boot-starter-logging-2.6.2.jar:/home/staj/.m2/repository/ch/qos/logback/logback-classic/1.2.9/logback-classic-1.2.9.jar:/home/staj/.m2/repository/ch/qos/logback/logback-core/1.2.9/logback-core-1.2.9.jar:/home/staj/.m2/repository/org/apache/logging/log4j/log4j-to-slf4j/2.17.0/log4j-to-slf4j-2.17.0.jar:/home/staj/.m2/repository/org/apache/logging/log4j/log4j-api/2.17.0/log4j-api-2.17.0.jar:/home/staj/.m2/repository/org/slf4j/jul-to-slf4j/1.7.32/jul-to-slf4j-1.7.32.jar:/home/staj/.m2/repository/jakarta/annotation/jakarta.annotation-api/1.3.5/jakarta.annotation-api-1.3.5.jar:/home/staj/.m2/repository/org/yaml/snakeyaml/1.29/snakeyaml-1.29.jar:/home/staj/.m2/repository/org/mongodb/mongodb-driver-sync/4.4.0/mongodb-driver-sync-4.4.0.jar:/home/staj/.m2/repository/org/mongodb/bson/4.4.0/bson-4.4.0.jar:/home/staj/.m2/repository/org/mongodb/mongodb-driver-core/4.4.0/mongodb-driver-core-4.4.0.jar:/home/staj/.m2/repository/org/springframework/data/spring-data-mongodb/3.3.0/spring-data-mongodb-3.3.0.jar:/home/staj/.m2/repository/org/springframework/spring-expression/5.3.14/spring-expression-5.3.14.jar:/home/staj/.m2/repository/org/springframework/boot/spring-boot-starter-web/2.6.2/spring-boot-starter-web-2.6.2.jar:/home/staj/.m2/repository/org/springframework/boot/spring-boot-starter-json/2.6.2/spring-boot-starter-json-2.6.2.jar:/home/staj/.m2/repository/com/fasterxml/jackson/core/jackson-databind/2.13.1/jackson-databind-2.13.1.jar:/home/staj/.m2/repository/com/fasterxml/jackson/core/jackson-annotations/2.13.1/jackson-annotations-2.13.1.jar:/home/staj/.m2/repository/com/fasterxml/jackson/core/jackson-core/2.13.1/jackson-core-2.13.1.jar:/home/staj/.m2/repository/com/fasterxml/jackson/datatype/jackson-datatype-jdk8/2.13.1/jackson-datatype-jdk8-2.13.1.jar:/home/staj/.m2/repository/com/fasterxml/jackson/datatype/jackson-datatype-jsr310/2.13.1/jackson-datatype-jsr310-2.13.1.jar:/home/staj/.m2/repository/com/fasterxml/jackson/module/jackson-module-parameter-names/2.13.1/jackson-module-parameter-names-2.13.1.jar:/home/staj/.m2/repository/org/springframework/boot/spring-boot-starter-tomcat/2.6.2/spring-boot-starter-tomcat-2.6.2.jar:/home/staj/.m2/repository/org/apache/tomcat/embed/tomcat-embed-core/9.0.56/tomcat-embed-core-9.0.56.jar:/home/staj/.m2/repository/org/apache/tomcat/embed/tomcat-embed-el/9.0.56/tomcat-embed-el-9.0.56.jar:/home/staj/.m2/repository/org/apache/tomcat/embed/tomcat-embed-websocket/9.0.56/tomcat-embed-websocket-9.0.56.jar:/home/staj/.m2/repository/org/springframework/spring-web/5.3.14/spring-web-5.3.14.jar:/home/staj/.m2/repository/org/springframework/spring-webmvc/5.3.14/spring-webmvc-5.3.14.jar:/home/staj/.m2/repository/org/zaproxy/zap-clientapi/1.10.0/zap-clientapi-1.10.0.jar:/home/staj/.m2/repository/org/jdom/jdom/1.1.3/jdom-1.1.3.jar:/home/staj/.m2/repository/com/h2database/h2/1.4.200/h2-1.4.200.jar:/home/staj/.m2/repository/org/springframework/boot/spring-boot-starter-test/2.6.2/spring-boot-starter-test-2.6.2.jar:/home/staj/.m2/repository/org/springframework/boot/spring-boot-test/2.6.2/spring-boot-test-2.6.2.jar:/home/staj/.m2/repository/org/springframework/boot/spring-boot-test-autoconfigure/2.6.2/spring-boot-test-autoconfigure-2.6.2.jar:/home/staj/.m2/repository/com/jayway/jsonpath/json-path/2.6.0/json-path-2.6.0.jar:/home/staj/.m2/repository/net/minidev/json-smart/2.4.7/json-smart-2.4.7.jar:/home/staj/.m2/repository/net/minidev/accessors-smart/2.4.7/accessors-smart-2.4.7.jar:/home/staj/.m2/repository/org/ow2/asm/asm/9.1/asm-9.1.jar:/home/staj/.m2/repository/jakarta/xml/bind/jakarta.xml.bind-api/2.3.3/jakarta.xml.bind-api-2.3.3.jar:/home/staj/.m2/repository/jakarta/activation/jakarta.activation-api/1.2.2/jakarta.activation-api-1.2.2.jar:/home/staj/.m2/repository/org/assertj/assertj-core/3.21.0/assertj-core-3.21.0.jar:/home/staj/.m2/repository/org/hamcrest/hamcrest/2.2/hamcrest-2.2.jar:/home/staj/.m2/repository/org/junit/jupiter/junit-jupiter/5.8.2/junit-jupiter-5.8.2.jar:/home/staj/.m2/repository/org/junit/jupiter/junit-jupiter-api/5.8.2/junit-jupiter-api-5.8.2.jar:/home/staj/.m2/repository/org/opentest4j/opentest4j/1.2.0/opentest4j-1.2.0.jar:/home/staj/.m2/repository/org/junit/platform/junit-platform-commons/1.8.2/junit-platform-commons-1.8.2.jar:/home/staj/.m2/repository/org/apiguardian/apiguardian-api/1.1.2/apiguardian-api-1.1.2.jar:/home/staj/.m2/repository/org/junit/jupiter/junit-jupiter-params/5.8.2/junit-jupiter-params-5.8.2.jar:/home/staj/.m2/repository/org/junit/jupiter/junit-jupiter-engine/5.8.2/junit-jupiter-engine-5.8.2.jar:/home/staj/.m2/repository/org/junit/platform/junit-platform-engine/1.8.2/junit-platform-engine-1.8.2.jar:/home/staj/.m2/repository/org/mockito/mockito-core/4.0.0/mockito-core-4.0.0.jar:/home/staj/.m2/repository/net/bytebuddy/byte-buddy-agent/1.11.22/byte-buddy-agent-1.11.22.jar:/home/staj/.m2/repository/org/objenesis/objenesis/3.2/objenesis-3.2.jar:/home/staj/.m2/repository/org/mockito/mockito-junit-jupiter/4.0.0/mockito-junit-jupiter-4.0.0.jar:/home/staj/.m2/repository/org/skyscreamer/jsonassert/1.5.0/jsonassert-1.5.0.jar:/home/staj/.m2/repository/com/vaadin/external/google/android-json/0.0.20131108.vaadin1/android-json-0.0.20131108.vaadin1.jar:/home/staj/.m2/repository/org/springframework/spring-core/5.3.14/spring-core-5.3.14.jar:/home/staj/.m2/repository/org/springframework/spring-jcl/5.3.14/spring-jcl-5.3.14.jar:/home/staj/.m2/repository/org/springframework/spring-test/5.3.14/spring-test-5.3.14.jar:/home/staj/.m2/repository/org/xmlunit/xmlunit-core/2.8.4/xmlunit-core-2.8.4.jar:/home/staj/.m2/repository/org/springframework/restdocs/spring-restdocs-mockmvc/2.0.5.RELEASE/spring-restdocs-mockmvc-2.0.5.RELEASE.jar:/home/staj/.m2/repository/javax/servlet/javax.servlet-api/4.0.1/javax.servlet-api-4.0.1.jar:/home/staj/.m2/repository/org/springframework/restdocs/spring-restdocs-core/2.0.5.RELEASE/spring-restdocs-core-2.0.5.RELEASE.jar:"/>
    <property name="sun.cpu.endian" value="little"/>
    <property name="user.home" value="/home/staj"/>
    <property name="user.language" value="en"/>
    <property name="java.specification.vendor" value="Oracle Corporation"/>
    <property name="java.home" value="/home/staj/.jdks/corretto-1.8.0_322/jre"/>
    <property name="basedir" value="/home/staj/IdeaProjects/ZAPRestAPI"/>
    <property name="file.separator" value="/"/>
    <property name="line.separator" value="&#10;"/>
    <property name="java.vm.specification.vendor" value="Oracle Corporation"/>
    <property name="java.specification.name" value="Java Platform API Specification"/>
    <property name="java.awt.graphicsenv" value="sun.awt.X11GraphicsEnvironment"/>
    <property name="surefire.real.class.path" value="/home/staj/IdeaProjects/ZAPRestAPI/target/surefire/surefirebooter8766188765349038365.jar"/>
    <property name="sun.boot.class.path" value="/home/staj/.jdks/corretto-1.8.0_322/jre/lib/resources.jar:/home/staj/.jdks/corretto-1.8.0_322/jre/lib/rt.jar:/home/staj/.jdks/corretto-1.8.0_322/jre/lib/sunrsasign.jar:/home/staj/.jdks/corretto-1.8.0_322/jre/lib/jsse.jar:/home/staj/.jdks/corretto-1.8.0_322/jre/lib/jce.jar:/home/staj/.jdks/corretto-1.8.0_322/jre/lib/charsets.jar:/home/staj/.jdks/corretto-1.8.0_322/jre/lib/jfr.jar:/home/staj/.jdks/corretto-1.8.0_322/jre/classes"/>
    <property name="sun.management.compiler" value="HotSpot 64-Bit Tiered Compilers"/>
    <property name="java.runtime.version" value="1.8.0_322-b06"/>
    <property name="user.name" value="staj"/>
    <property name="path.separator" value=":"/>
    <property name="os.version" value="5.4.0-94-generic"/>
    <property name="java.endorsed.dirs" value="/home/staj/.jdks/corretto-1.8.0_322/jre/lib/endorsed"/>
    <property name="java.runtime.name" value="OpenJDK Runtime Environment"/>
    <property name="file.encoding" value="UTF-8"/>
    <property name="java.vm.name" value="OpenJDK 64-Bit Server VM"/>
    <property name="localRepository" value="/home/staj/.m2/repository"/>
    <property name="java.vendor.url.bug" value="https://github.com/corretto/corretto-8/issues/"/>
    <property name="java.io.tmpdir" value="/tmp"/>
    <property name="idea.version" value="2021.3.1"/>
    <property name="java.version" value="1.8.0_322"/>
    <property name="user.dir" value="/home/staj/IdeaProjects/ZAPRestAPI"/>
    <property name="os.arch" value="amd64"/>
    <property name="java.vm.specification.name" value="Java Virtual Machine Specification"/>
    <property name="java.awt.printerjob" value="sun.print.PSPrinterJob"/>
    <property name="sun.os.patch.level" value="unknown"/>
    <property name="java.library.path" value="/usr/java/packages/lib/amd64:/usr/lib64:/lib64:/lib:/usr/lib"/>
    <property name="java.vm.info" value="mixed mode"/>
    <property name="java.vendor" value="Amazon.com Inc."/>
    <property name="java.vm.version" value="25.322-b06"/>
    <property name="java.ext.dirs" value="/home/staj/.jdks/corretto-1.8.0_322/jre/lib/ext:/usr/java/packages/lib/ext"/>
    <property name="sun.io.unicode.encoding" value="UnicodeLittle"/>
    <property name="java.class.version" value="52.0"/>
  </properties>
  <testcase name="contextLoads" classname="tr.com.stm.cydecsys.zaprestapi.ZapRestApiApplicationTests" time="0.074"/>
</testsuite>